2021-09-06 21:13:39,152 [Worker-3: Loading available Gradle versions] INFO  o.e.b.c.i.u.g.PublishedGradleVersions - Gradle version information cache is up-to-date. Trying to read.
2021-09-06 21:17:23,892 [Worker-3: Importing Maven projects] INFO  o.e.m.c.i.l.LifecycleMappingFactory - Using NULL lifecycle mapping for MavenProject: com.v2gclarity.risev2g:rise-v2g-parent:1.2.6 @ C:\Users\dodda\Documents\GitHub\RISE-V2G\RISE-V2G-PARENT\pom.xml.
2021-09-06 21:17:28,092 [Worker-3: Importing Maven projects] INFO  o.e.m.c.i.l.LifecycleMappingFactory - Using org.eclipse.m2e.jdt.JarLifecycleMapping lifecycle mapping for MavenProject: com.v2gclarity.risev2g:rise-v2g-evcc:1.2.6 @ C:\Users\dodda\Documents\GitHub\RISE-V2G\RISE-V2G-EVCC\pom.xml.
2021-09-06 21:17:28,326 [Worker-3: Importing Maven projects] INFO  o.e.m.c.i.p.WorkspaceClassifierResolverManager - Resolving P/rise-v2g-shared: com.v2gclarity.risev2g:rise-v2g-shared:1.2.6 with classifier  to /rise-v2g-shared/target/classes
2021-09-06 21:17:28,499 [Worker-3: Importing Maven projects] INFO  o.e.m.c.i.l.LifecycleMappingFactory - Using org.eclipse.m2e.jdt.JarLifecycleMapping lifecycle mapping for MavenProject: com.v2gclarity.risev2g:rise-v2g-shared:1.2.6 @ C:\Users\dodda\Documents\GitHub\RISE-V2G\RISE-V2G-Shared\pom.xml.
2021-09-06 21:17:28,600 [Worker-3: Importing Maven projects] INFO  o.e.m.c.i.l.LifecycleMappingFactory - Using org.eclipse.m2e.jdt.JarLifecycleMapping lifecycle mapping for MavenProject: com.v2gclarity.risev2g:rise-v2g-secc:1.2.6 @ C:\Users\dodda\Documents\GitHub\RISE-V2G\RISE-V2G-SECC\pom.xml.
2021-09-06 21:17:28,603 [Worker-3: Importing Maven projects] INFO  o.e.m.c.i.p.WorkspaceClassifierResolverManager - Resolving P/rise-v2g-shared: com.v2gclarity.risev2g:rise-v2g-shared:1.2.6 with classifier  to /rise-v2g-shared/target/classes
2021-09-06 21:17:28,679 [Worker-3: Importing Maven projects] INFO  o.e.m.c.i.l.LifecycleMappingFactory - Using org.eclipse.m2e.jdt.JarLifecycleMapping lifecycle mapping for MavenProject: com.v2gclarity.risev2g:rise-v2g-evcc:1.2.6 @ C:\Users\dodda\Documents\GitHub\RISE-V2G\RISE-V2G-EVCC\pom.xml.
2021-09-06 21:17:28,682 [Worker-3: Importing Maven projects] INFO  o.e.m.c.i.p.WorkspaceClassifierResolverManager - Resolving P/rise-v2g-shared: com.v2gclarity.risev2g:rise-v2g-shared:1.2.6 with classifier  to /rise-v2g-shared/target/classes
2021-09-06 21:17:30,556 [Worker-3: Importing Maven projects] INFO  o.e.m.j.i.AbstractJavaProjectConfigurator - Adding source folder /rise-v2g-shared/src/main/java
2021-09-06 21:17:30,559 [Worker-3: Importing Maven projects] INFO  o.e.m.j.i.AbstractJavaProjectConfigurator - Adding resource folder /rise-v2g-shared/src/main/resources
2021-09-06 21:17:30,560 [Worker-3: Importing Maven projects] INFO  o.e.m.j.i.AbstractJavaProjectConfigurator - Adding source folder /rise-v2g-shared/src/test/java
2021-09-06 21:17:31,480 [Worker-3: Importing Maven projects] INFO  o.e.m.j.i.AbstractJavaProjectConfigurator - Adding source folder /rise-v2g-evcc/src/main/java
2021-09-06 21:17:31,480 [Worker-3: Importing Maven projects] INFO  o.e.m.j.i.AbstractJavaProjectConfigurator - Adding resource folder /rise-v2g-evcc/src/main/resources
2021-09-06 21:17:31,481 [Worker-3: Importing Maven projects] INFO  o.e.m.j.i.AbstractJavaProjectConfigurator - Adding source folder /rise-v2g-evcc/src/test/java
2021-09-06 21:17:31,583 [Worker-3: Importing Maven projects] INFO  o.e.m.j.i.AbstractJavaProjectConfigurator - Adding source folder /rise-v2g-secc/src/main/java
2021-09-06 21:17:31,584 [Worker-3: Importing Maven projects] INFO  o.e.m.j.i.AbstractJavaProjectConfigurator - Adding resource folder /rise-v2g-secc/src/main/resources
2021-09-06 21:17:31,585 [Worker-3: Importing Maven projects] INFO  o.e.m.j.i.AbstractJavaProjectConfigurator - Adding source folder /rise-v2g-secc/src/test/java
2021-09-06 21:17:31,699 [Worker-3: Importing Maven projects] INFO  o.e.m.c.i.p.ProjectConfigurationManager - Imported and configured 4 project(s) in 10 sec
2021-09-06 21:17:35,926 [Worker-26: Building] INFO  o.e.m.c.i.embedder.EclipseLogger - Using 'UTF-8' encoding to copy filtered resources.
2021-09-06 21:17:35,933 [Worker-26: Building] INFO  o.e.m.c.i.embedder.EclipseLogger - Copying 8 resources
2021-09-06 21:17:35,991 [Worker-26: Building] INFO  o.e.m.c.i.embedder.EclipseLogger - Using 'UTF-8' encoding to copy filtered resources.
2021-09-06 21:17:35,991 [Worker-26: Building] INFO  o.e.m.c.i.embedder.EclipseLogger - skip non existing resourceDirectory C:\Users\dodda\Documents\GitHub\RISE-V2G\RISE-V2G-Shared\src\test\resources
2021-09-06 21:17:37,395 [Worker-26: Building] INFO  o.e.m.c.i.p.WorkspaceClassifierResolverManager - Resolving P/rise-v2g-shared: com.v2gclarity.risev2g:rise-v2g-shared:1.2.6 with classifier  to /rise-v2g-shared/target/classes
2021-09-06 21:17:37,419 [Worker-26: Building] INFO  o.e.m.c.i.embedder.EclipseLogger - Using 'UTF-8' encoding to copy filtered resources.
2021-09-06 21:17:37,420 [Worker-26: Building] INFO  o.e.m.c.i.embedder.EclipseLogger - Copying 1 resource
2021-09-06 21:17:37,439 [Worker-26: Building] INFO  o.e.m.c.i.embedder.EclipseLogger - Using 'UTF-8' encoding to copy filtered resources.
2021-09-06 21:17:37,439 [Worker-26: Building] INFO  o.e.m.c.i.embedder.EclipseLogger - skip non existing resourceDirectory C:\Users\dodda\Documents\GitHub\RISE-V2G\RISE-V2G-SECC\src\test\resources
2021-09-06 21:17:37,481 [Worker-26: Building] INFO  o.e.m.c.i.embedder.EclipseLogger - Using 'UTF-8' encoding to copy filtered resources.
2021-09-06 21:17:37,481 [Worker-26: Building] INFO  o.e.m.c.i.embedder.EclipseLogger - Copying 0 resource
2021-09-06 21:17:37,969 [Worker-26: Building] INFO  o.e.m.c.i.p.WorkspaceClassifierResolverManager - Resolving P/rise-v2g-shared: com.v2gclarity.risev2g:rise-v2g-shared:1.2.6 with classifier  to /rise-v2g-shared/target/classes
2021-09-06 21:17:37,980 [Worker-26: Building] INFO  o.e.m.c.i.embedder.EclipseLogger - Using 'UTF-8' encoding to copy filtered resources.
2021-09-06 21:17:37,981 [Worker-26: Building] INFO  o.e.m.c.i.embedder.EclipseLogger - Copying 1 resource
2021-09-06 21:17:37,996 [Worker-26: Building] INFO  o.e.m.c.i.embedder.EclipseLogger - Using 'UTF-8' encoding to copy filtered resources.
2021-09-06 21:17:37,996 [Worker-26: Building] INFO  o.e.m.c.i.embedder.EclipseLogger - skip non existing resourceDirectory C:\Users\dodda\Documents\GitHub\RISE-V2G\RISE-V2G-EVCC\src\test\resources
2021-09-06 21:17:38,031 [Worker-26: Building] INFO  o.e.m.c.i.embedder.EclipseLogger - Using 'UTF-8' encoding to copy filtered resources.
2021-09-06 21:17:38,032 [Worker-26: Building] INFO  o.e.m.c.i.embedder.EclipseLogger - Copying 0 resource
2021-09-06 21:19:43,452 [Worker-26: Building] INFO  o.e.m.c.i.embedder.EclipseLogger - Using 'UTF-8' encoding to copy filtered resources.
2021-09-06 21:19:43,455 [Worker-26: Building] INFO  o.e.m.c.i.embedder.EclipseLogger - Copying 0 resource
2021-09-06 21:19:43,458 [Worker-26: Building] INFO  o.e.m.c.i.embedder.EclipseLogger - Using 'UTF-8' encoding to copy filtered resources.
2021-09-06 21:19:43,459 [Worker-26: Building] INFO  o.e.m.c.i.embedder.EclipseLogger - skip non existing resourceDirectory C:\Users\dodda\Documents\GitHub\RISE-V2G\RISE-V2G-Shared\src\test\resources
2021-09-06 21:19:43,472 [Worker-26: Building] INFO  o.e.m.c.i.embedder.EclipseLogger - Using 'UTF-8' encoding to copy filtered resources.
2021-09-06 21:19:43,473 [Worker-26: Building] INFO  o.e.m.c.i.embedder.EclipseLogger - Copying 0 resource
2021-09-06 21:19:43,476 [Worker-26: Building] INFO  o.e.m.c.i.embedder.EclipseLogger - Using 'UTF-8' encoding to copy filtered resources.
2021-09-06 21:19:43,476 [Worker-26: Building] INFO  o.e.m.c.i.embedder.EclipseLogger - skip non existing resourceDirectory C:\Users\dodda\Documents\GitHub\RISE-V2G\RISE-V2G-SECC\src\test\resources
2021-09-06 21:19:43,480 [Worker-26: Building] INFO  o.e.m.c.i.embedder.EclipseLogger - Using 'UTF-8' encoding to copy filtered resources.
2021-09-06 21:19:43,483 [Worker-26: Building] INFO  o.e.m.c.i.embedder.EclipseLogger - Copying 0 resource
2021-09-06 21:19:43,495 [Worker-26: Building] INFO  o.e.m.c.i.embedder.EclipseLogger - Using 'UTF-8' encoding to copy filtered resources.
2021-09-06 21:19:43,496 [Worker-26: Building] INFO  o.e.m.c.i.embedder.EclipseLogger - Copying 0 resource
2021-09-06 21:19:43,501 [Worker-26: Building] INFO  o.e.m.c.i.embedder.EclipseLogger - Using 'UTF-8' encoding to copy filtered resources.
2021-09-06 21:19:43,502 [Worker-26: Building] INFO  o.e.m.c.i.embedder.EclipseLogger - skip non existing resourceDirectory C:\Users\dodda\Documents\GitHub\RISE-V2G\RISE-V2G-EVCC\src\test\resources
2021-09-06 21:19:43,506 [Worker-26: Building] INFO  o.e.m.c.i.embedder.EclipseLogger - Using 'UTF-8' encoding to copy filtered resources.
2021-09-06 21:19:43,507 [Worker-26: Building] INFO  o.e.m.c.i.embedder.EclipseLogger - Copying 0 resource
2021-09-06 21:32:26,326 [Worker-1: Loading available Gradle versions] INFO  o.e.b.c.i.u.g.PublishedGradleVersions - Gradle version information cache is up-to-date. Trying to read.
2021-09-06 21:50:26,496 [Worker-7: Loading available Gradle versions] INFO  o.e.b.c.i.u.g.PublishedGradleVersions - Gradle version information cache is up-to-date. Trying to read.
2021-09-06 23:10:56,796 [Worker-44: reload maven project] INFO  o.e.m.c.i.p.WorkspaceClassifierResolverManager - Resolving P/rise-v2g-shared: com.v2gclarity.risev2g:rise-v2g-shared:1.2.6 with classifier  to /rise-v2g-shared/target/classes
2021-09-06 23:22:36,505 [Worker-50: Launching StartSECC] INFO  o.e.m.c.i.embedder.EclipseLogger - Using 'UTF-8' encoding to copy filtered resources.
2021-09-06 23:22:36,510 [Worker-50: Launching StartSECC] INFO  o.e.m.c.i.embedder.EclipseLogger - Copying 8 resources
2021-09-06 23:22:36,557 [Worker-50: Launching StartSECC] INFO  o.e.m.c.i.embedder.EclipseLogger - Using 'UTF-8' encoding to copy filtered resources.
2021-09-06 23:22:36,557 [Worker-50: Launching StartSECC] INFO  o.e.m.c.i.embedder.EclipseLogger - skip non existing resourceDirectory C:\Users\dodda\Documents\GitHub\RISE-V2G\RISE-V2G-Shared\src\test\resources
2021-09-06 23:22:40,010 [Worker-50: Launching StartSECC] INFO  o.e.m.c.i.embedder.EclipseLogger - Using 'UTF-8' encoding to copy filtered resources.
2021-09-06 23:22:40,011 [Worker-50: Launching StartSECC] INFO  o.e.m.c.i.embedder.EclipseLogger - Copying 1 resource
2021-09-06 23:22:40,028 [Worker-50: Launching StartSECC] INFO  o.e.m.c.i.embedder.EclipseLogger - Using 'UTF-8' encoding to copy filtered resources.
2021-09-06 23:22:40,028 [Worker-50: Launching StartSECC] INFO  o.e.m.c.i.embedder.EclipseLogger - skip non existing resourceDirectory C:\Users\dodda\Documents\GitHub\RISE-V2G\RISE-V2G-SECC\src\test\resources
2021-09-06 23:22:40,070 [Worker-50: Launching StartSECC] INFO  o.e.m.c.i.embedder.EclipseLogger - Using 'UTF-8' encoding to copy filtered resources.
2021-09-06 23:22:40,070 [Worker-50: Launching StartSECC] INFO  o.e.m.c.i.embedder.EclipseLogger - Copying 0 resource
2021-09-06 23:22:40,803 [Worker-49: Building] INFO  o.e.m.c.i.p.WorkspaceClassifierResolverManager - Resolving P/rise-v2g-shared: com.v2gclarity.risev2g:rise-v2g-shared:1.2.6 with classifier  to /rise-v2g-shared/target/classes
2021-09-06 23:22:40,815 [Worker-49: Building] INFO  o.e.m.c.i.embedder.EclipseLogger - Using 'UTF-8' encoding to copy filtered resources.
2021-09-06 23:22:40,820 [Worker-49: Building] INFO  o.e.m.c.i.embedder.EclipseLogger - Copying 1 resource
2021-09-06 23:22:40,832 [Worker-49: Building] INFO  o.e.m.c.i.embedder.EclipseLogger - Using 'UTF-8' encoding to copy filtered resources.
2021-09-06 23:22:40,833 [Worker-49: Building] INFO  o.e.m.c.i.embedder.EclipseLogger - skip non existing resourceDirectory C:\Users\dodda\Documents\GitHub\RISE-V2G\RISE-V2G-EVCC\src\test\resources
2021-09-06 23:22:40,874 [Worker-49: Building] INFO  o.e.m.c.i.embedder.EclipseLogger - Using 'UTF-8' encoding to copy filtered resources.
2021-09-06 23:22:40,875 [Worker-49: Building] INFO  o.e.m.c.i.embedder.EclipseLogger - Copying 0 resource
2021-09-06 23:22:44,348 [Worker-50: Launching StartSECC] INFO  o.e.m.c.i.p.WorkspaceClassifierResolverManager - Resolving P/rise-v2g-shared: com.v2gclarity.risev2g:rise-v2g-shared:1.2.6 with classifier null to /rise-v2g-shared/target/classes
2021-09-06 23:22:44,446 [Worker-50: Launching StartSECC] INFO  o.e.m.c.i.p.WorkspaceClassifierResolverManager - Resolving P/rise-v2g-shared: com.v2gclarity.risev2g:rise-v2g-shared:1.2.6 with classifier null to /rise-v2g-shared/target/classes
2021-09-06 23:22:44,546 [Worker-50: Launching StartSECC] INFO  o.e.m.c.i.p.WorkspaceClassifierResolverManager - Resolving P/rise-v2g-shared: com.v2gclarity.risev2g:rise-v2g-shared:1.2.6 with classifier null to /rise-v2g-shared/target/classes
2021-09-06 23:24:37,863 [Worker-52: Launching StartSECC] INFO  o.e.m.c.i.p.WorkspaceClassifierResolverManager - Resolving P/rise-v2g-shared: com.v2gclarity.risev2g:rise-v2g-shared:1.2.6 with classifier null to /rise-v2g-shared/target/classes
2021-09-06 23:24:37,959 [Worker-52: Launching StartSECC] INFO  o.e.m.c.i.p.WorkspaceClassifierResolverManager - Resolving P/rise-v2g-shared: com.v2gclarity.risev2g:rise-v2g-shared:1.2.6 with classifier null to /rise-v2g-shared/target/classes
2021-09-06 23:24:38,061 [Worker-52: Launching StartSECC] INFO  o.e.m.c.i.p.WorkspaceClassifierResolverManager - Resolving P/rise-v2g-shared: com.v2gclarity.risev2g:rise-v2g-shared:1.2.6 with classifier null to /rise-v2g-shared/target/classes
2021-09-06 23:26:32,213 [Worker-50: Launching StartEVCC] INFO  o.e.m.c.i.p.WorkspaceClassifierResolverManager - Resolving P/rise-v2g-shared: com.v2gclarity.risev2g:rise-v2g-shared:1.2.6 with classifier null to /rise-v2g-shared/target/classes
2021-09-06 23:26:32,304 [Worker-50: Launching StartEVCC] INFO  o.e.m.c.i.p.WorkspaceClassifierResolverManager - Resolving P/rise-v2g-shared: com.v2gclarity.risev2g:rise-v2g-shared:1.2.6 with classifier null to /rise-v2g-shared/target/classes
2021-09-06 23:26:32,394 [Worker-50: Launching StartEVCC] INFO  o.e.m.c.i.p.WorkspaceClassifierResolverManager - Resolving P/rise-v2g-shared: com.v2gclarity.risev2g:rise-v2g-shared:1.2.6 with classifier null to /rise-v2g-shared/target/classes
2021-09-06 23:31:26,026 [Worker-50: Building] INFO  o.e.m.c.i.embedder.EclipseLogger - Using 'UTF-8' encoding to copy filtered resources.
2021-09-06 23:31:26,028 [Worker-50: Building] INFO  o.e.m.c.i.embedder.EclipseLogger - Copying 0 resource
2021-09-06 23:31:26,029 [Worker-50: Building] INFO  o.e.m.c.i.embedder.EclipseLogger - Using 'UTF-8' encoding to copy filtered resources.
2021-09-06 23:31:26,030 [Worker-50: Building] INFO  o.e.m.c.i.embedder.EclipseLogger - skip non existing resourceDirectory C:\Users\dodda\Documents\GitHub\RISE-V2G\RISE-V2G-EVCC\src\test\resources
2021-09-06 23:31:26,033 [Worker-50: Building] INFO  o.e.m.c.i.embedder.EclipseLogger - Using 'UTF-8' encoding to copy filtered resources.
2021-09-06 23:31:26,035 [Worker-50: Building] INFO  o.e.m.c.i.embedder.EclipseLogger - Copying 1 resource
2021-09-06 23:31:40,364 [Worker-50: Building] INFO  o.e.m.c.i.embedder.EclipseLogger - Using 'UTF-8' encoding to copy filtered resources.
2021-09-06 23:31:40,365 [Worker-50: Building] INFO  o.e.m.c.i.embedder.EclipseLogger - Copying 0 resource
2021-09-06 23:31:40,367 [Worker-50: Building] INFO  o.e.m.c.i.embedder.EclipseLogger - Using 'UTF-8' encoding to copy filtered resources.
2021-09-06 23:31:40,367 [Worker-50: Building] INFO  o.e.m.c.i.embedder.EclipseLogger - skip non existing resourceDirectory C:\Users\dodda\Documents\GitHub\RISE-V2G\RISE-V2G-SECC\src\test\resources
2021-09-06 23:31:40,370 [Worker-50: Building] INFO  o.e.m.c.i.embedder.EclipseLogger - Using 'UTF-8' encoding to copy filtered resources.
2021-09-06 23:31:40,371 [Worker-50: Building] INFO  o.e.m.c.i.embedder.EclipseLogger - Copying 1 resource
2021-09-06 23:31:48,703 [Worker-50: Launching StartSECC] INFO  o.e.m.c.i.p.WorkspaceClassifierResolverManager - Resolving P/rise-v2g-shared: com.v2gclarity.risev2g:rise-v2g-shared:1.2.6 with classifier null to /rise-v2g-shared/target/classes
2021-09-06 23:31:48,779 [Worker-50: Launching StartSECC] INFO  o.e.m.c.i.p.WorkspaceClassifierResolverManager - Resolving P/rise-v2g-shared: com.v2gclarity.risev2g:rise-v2g-shared:1.2.6 with classifier null to /rise-v2g-shared/target/classes
2021-09-06 23:31:48,876 [Worker-50: Launching StartSECC] INFO  o.e.m.c.i.p.WorkspaceClassifierResolverManager - Resolving P/rise-v2g-shared: com.v2gclarity.risev2g:rise-v2g-shared:1.2.6 with classifier null to /rise-v2g-shared/target/classes
2021-09-06 23:34:09,712 [Worker-50: Building] INFO  o.e.m.c.i.embedder.EclipseLogger - Using 'UTF-8' encoding to copy filtered resources.
2021-09-06 23:34:09,720 [Worker-50: Building] INFO  o.e.m.c.i.embedder.EclipseLogger - Copying 8 resources
2021-09-06 23:34:09,726 [Worker-50: Building] INFO  o.e.m.c.i.embedder.EclipseLogger - Using 'UTF-8' encoding to copy filtered resources.
2021-09-06 23:34:09,726 [Worker-50: Building] INFO  o.e.m.c.i.embedder.EclipseLogger - skip non existing resourceDirectory C:\Users\dodda\Documents\GitHub\RISE-V2G\RISE-V2G-Shared\src\test\resources
2021-09-06 23:34:24,234 [Worker-51: Building] INFO  o.e.m.c.i.embedder.EclipseLogger - Using 'UTF-8' encoding to copy filtered resources.
2021-09-06 23:34:24,237 [Worker-51: Building] INFO  o.e.m.c.i.embedder.EclipseLogger - Copying 8 resources
2021-09-06 23:34:24,241 [Worker-51: Building] INFO  o.e.m.c.i.embedder.EclipseLogger - Using 'UTF-8' encoding to copy filtered resources.
2021-09-06 23:34:24,241 [Worker-51: Building] INFO  o.e.m.c.i.embedder.EclipseLogger - skip non existing resourceDirectory C:\Users\dodda\Documents\GitHub\RISE-V2G\RISE-V2G-Shared\src\test\resources
2021-09-06 23:34:34,652 [Worker-50: Building] INFO  o.e.m.c.i.embedder.EclipseLogger - Using 'UTF-8' encoding to copy filtered resources.
2021-09-06 23:34:34,656 [Worker-50: Building] INFO  o.e.m.c.i.embedder.EclipseLogger - Copying 8 resources
2021-09-06 23:34:34,661 [Worker-50: Building] INFO  o.e.m.c.i.embedder.EclipseLogger - Using 'UTF-8' encoding to copy filtered resources.
2021-09-06 23:34:34,661 [Worker-50: Building] INFO  o.e.m.c.i.embedder.EclipseLogger - skip non existing resourceDirectory C:\Users\dodda\Documents\GitHub\RISE-V2G\RISE-V2G-Shared\src\test\resources
2021-09-06 23:34:42,266 [Worker-53: Launching StartSECC] INFO  o.e.m.c.i.p.WorkspaceClassifierResolverManager - Resolving P/rise-v2g-shared: com.v2gclarity.risev2g:rise-v2g-shared:1.2.6 with classifier null to /rise-v2g-shared/target/classes
2021-09-06 23:34:42,351 [Worker-53: Launching StartSECC] INFO  o.e.m.c.i.p.WorkspaceClassifierResolverManager - Resolving P/rise-v2g-shared: com.v2gclarity.risev2g:rise-v2g-shared:1.2.6 with classifier null to /rise-v2g-shared/target/classes
2021-09-06 23:34:42,434 [Worker-53: Launching StartSECC] INFO  o.e.m.c.i.p.WorkspaceClassifierResolverManager - Resolving P/rise-v2g-shared: com.v2gclarity.risev2g:rise-v2g-shared:1.2.6 with classifier null to /rise-v2g-shared/target/classes
2021-09-06 23:36:28,282 [Worker-54: Building] INFO  o.e.m.c.i.embedder.EclipseLogger - Using 'UTF-8' encoding to copy filtered resources.
2021-09-06 23:36:28,286 [Worker-54: Building] INFO  o.e.m.c.i.embedder.EclipseLogger - Copying 8 resources
2021-09-06 23:36:28,291 [Worker-54: Building] INFO  o.e.m.c.i.embedder.EclipseLogger - Using 'UTF-8' encoding to copy filtered resources.
2021-09-06 23:36:28,292 [Worker-54: Building] INFO  o.e.m.c.i.embedder.EclipseLogger - skip non existing resourceDirectory C:\Users\dodda\Documents\GitHub\RISE-V2G\RISE-V2G-Shared\src\test\resources
2021-09-06 23:36:34,844 [Worker-47: Launching StartSECC] INFO  o.e.m.c.i.p.WorkspaceClassifierResolverManager - Resolving P/rise-v2g-shared: com.v2gclarity.risev2g:rise-v2g-shared:1.2.6 with classifier null to /rise-v2g-shared/target/classes
2021-09-06 23:36:34,930 [Worker-47: Launching StartSECC] INFO  o.e.m.c.i.p.WorkspaceClassifierResolverManager - Resolving P/rise-v2g-shared: com.v2gclarity.risev2g:rise-v2g-shared:1.2.6 with classifier null to /rise-v2g-shared/target/classes
2021-09-06 23:36:35,009 [Worker-47: Launching StartSECC] INFO  o.e.m.c.i.p.WorkspaceClassifierResolverManager - Resolving P/rise-v2g-shared: com.v2gclarity.risev2g:rise-v2g-shared:1.2.6 with classifier null to /rise-v2g-shared/target/classes
2021-09-10 15:48:29,146 [Worker-1: Loading available Gradle versions] INFO  o.e.b.c.i.u.g.PublishedGradleVersions - Gradle version information cache is out-of-date. Trying to update.
